-------------------------------------------------------------------------------
Test set: runners.RunCucumberTests
-------------------------------------------------------------------------------
Tests run: 1, Failures: 0, Errors: 1, Skipped: 0, Time elapsed: 0 s <<< FAILURE! - in runners.RunCucumberTests
initializationError(runners.RunCucumberTests)  Time elapsed: 0 s  <<< ERROR!
java.lang.TypeNotPresentException: Type io.cucumber.junit.Cucumber not present
Caused by: java.lang.ClassNotFoundException: io.cucumber.junit.Cucumber

